<?xml version="1.0" encoding="UTF-8"?>
<testsuites>
  <testsuite id="0" name="C:\git\rp-azuredevops-ContextExtension\src\Tests\TemplateWorkItem.test.tsx" errors="0" package="C:\git\rp-azuredevops-ContextExtension\src\Tests\TemplateWorkItem.test.tsx" hostname="localhost" tests="1" failures="0" time="1.278" timestamp="2022-10-05T19:00:34">
    <properties>
    </properties>
    <testcase classname="TemplateWorkItem" name="TemplateWorkItem.service - initial test" time="0">
    </testcase>
    <system-out/>
    <system-err/>
  </testsuite>
  <testsuite id="1" name="C:\git\rp-azuredevops-ContextExtension\src\Tests\CloneDialog.test.tsx" errors="0" package="C:\git\rp-azuredevops-ContextExtension\src\Tests\CloneDialog.test.tsx" hostname="localhost" tests="0" failures="0" time="0" timestamp="1970-01-01T00:00:00">
    <properties>
    </properties>
    <system-out/>
    <system-err/>
  </testsuite>
</testsuites>